<?xml version="1.0" encoding="UTF-8"?>
<!-- Generated by org.testng.reporters.JUnitXMLReporter -->
<testsuite hostname="Harry-PC" ignored="4" name="Test" tests="1" failures="0" timestamp="20 Nov 2020 06:48:59 GMT" time="0.063" errors="0">
  <testcase name="myName2" time="0.025" classname="testPackage.FailedTestCaseExample"/>
  <testcase name="myName0" time="0.0" classname="testPackage.FailedTestCaseExample">
    <ignored/>
  </testcase> <!-- myName0 -->
  <testcase name="myName3" time="0.0" classname="testPackage.FailedTestCaseExample">
    <ignored/>
  </testcase> <!-- myName3 -->
  <testcase name="myName1" time="0.0" classname="testPackage.FailedTestCaseExample">
    <ignored/>
  </testcase> <!-- myName1 -->
  <testcase name="myName4" time="0.0" classname="testPackage.FailedTestCaseExample">
    <ignored/>
  </testcase> <!-- myName4 -->
</testsuite> <!-- Test -->
