<?xml version="1.0" encoding="UTF-8"?>
<!-- Generated by org.testng.reporters.JUnitXMLReporter -->
<testsuite hostname="Harry-PC" ignored="1" name="Default test(failed)(failed)" tests="3" failures="0" timestamp="19 Nov 2020 17:20:25 GMT" time="0.054" errors="0">
  <testcase name="myName2" time="0.015" classname="testPackage.FailedTestCaseExample"/>
  <testcase name="myName3" time="0.002" classname="testPackage.FailedTestCaseExample"/>
  <testcase name="myName1" time="0.002" classname="testPackage.FailedTestCaseExample"/>
  <testcase name="myName" time="0.0" classname="testPackage.FailedTestCaseExample">
    <ignored/>
  </testcase> <!-- myName -->
</testsuite> <!-- Default test(failed)(failed) -->
